<beans xmlns="http://www.springframework.org/schema/beans"
       xmlns:jdbc="http://www.springframework.org/schema/jdbc"
       xmlns:xsi="http://www.w3.org/2001/XMLSchema-instance"
       xsi:schemaLocation="http://www.springframework.org/schema/beans
		http://www.springframework.org/schema/beans/spring-beans-3.2.xsd
		http://www.springframework.org/schema/jdbc
		http://www.springframework.org/schema/jdbc/spring-jdbc-3.2.xsd">

    <!-- connect to database -->
    <bean id="dataSource" class="org.springframework.jdbc.datasource.DriverManagerDataSource">
        <property name="driverClassName" value="org.h2.Driver" />
        <property name="url" value="jdbc:h2:mem:test;DB_CLOSE_DELAY=-1;MODE=PostgreSQL" />
        <property name="username" value="sa" />
        <property name="password" value="" />
    </bean>

    <bean id="log4jdbcDataSource" class="net.sf.log4jdbc.Log4jdbcProxyDataSource">
        <constructor-arg name="realDataSource" ref="dataSource"/>
    </bean>

    <bean id="transactionManager" class="org.springframework.orm.hibernate4.HibernateTransactionManager" >
        <property name="dataSource" ref="dataSource"/>
        <property name="sessionFactory" ref="sessionFactory"/>
    </bean>

    <bean id="sessionFactory" class="org.springframework.orm.hibernate4.LocalSessionFactoryBean">
        <property name="dataSource" ref="dataSource"/>
        <property name="packagesToScan">
            <list>
                <value>com.sedc.core.model</value>
            </list>
        </property>
        <property name="hibernateProperties">
            <props>
                <prop key="hibernate.dialect">org.hibernate.dialect.H2Dialect</prop>
                <prop key="hibernate.show_sql">true</prop>
                <prop key="hbm2ddl.auto">create</prop>
            </props>
        </property>
    </bean>

    <!-- create job-meta tables automatically -->
    <jdbc:initialize-database data-source="log4jdbcDataSource">
        <jdbc:script location="classpath:database/s_industry_pk.sql"/>
        <jdbc:script location="classpath:database/s_code_generic_pk.sql"/>
        <jdbc:script location="file:docs/database/tables/CODE_GENERIC.sql"/>
        <jdbc:script location="file:docs/database/tables/INDUSTRY.sql"/>
    </jdbc:initialize-database>

</beans>